C:\USERS\ADMINISTRATOR\DESKTOP\数学类\无符号大整数计算器\DEBUG\无符号大整数计算器.EXE
C:\USERS\ADMINISTRATOR\DESKTOP\数学类\无符号大整数计算器\DEBUG\无符号大整数计算器.ILK
C:\USERS\ADMINISTRATOR\DESKTOP\数学类\无符号大整数计算器\DEBUG\无符号大整数计算器.PDB
C:\Users\Administrator\Desktop\数学类\无符号大整数计算器\无符号大整数计算器\Debug\cl.command.1.tlog
C:\Users\Administrator\Desktop\数学类\无符号大整数计算器\无符号大整数计算器\Debug\CL.read.1.tlog
C:\Users\Administrator\Desktop\数学类\无符号大整数计算器\无符号大整数计算器\Debug\CL.write.1.tlog
C:\Users\Administrator\Desktop\数学类\无符号大整数计算器\无符号大整数计算器\Debug\link.command.1.tlog
C:\Users\Administrator\Desktop\数学类\无符号大整数计算器\无符号大整数计算器\Debug\link.read.1.tlog
C:\Users\Administrator\Desktop\数学类\无符号大整数计算器\无符号大整数计算器\Debug\link.write.1.tlog
C:\Users\Administrator\Desktop\数学类\无符号大整数计算器\无符号大整数计算器\Debug\link-cvtres.read.1.tlog
C:\Users\Administrator\Desktop\数学类\无符号大整数计算器\无符号大整数计算器\Debug\link-cvtres.write.1.tlog
C:\USERS\ADMINISTRATOR\DESKTOP\数学类\无符号大整数计算器\无符号大整数计算器\DEBUG\MIAN.OBJ
C:\Users\Administrator\Desktop\数学类\无符号大整数计算器\无符号大整数计算器\Debug\mt.command.1.tlog
C:\Users\Administrator\Desktop\数学类\无符号大整数计算器\无符号大整数计算器\Debug\mt.read.1.tlog
C:\Users\Administrator\Desktop\数学类\无符号大整数计算器\无符号大整数计算器\Debug\mt.write.1.tlog
C:\Users\Administrator\Desktop\数学类\无符号大整数计算器\无符号大整数计算器\Debug\rc.command.1.tlog
C:\Users\Administrator\Desktop\数学类\无符号大整数计算器\无符号大整数计算器\Debug\rc.read.1.tlog
C:\Users\Administrator\Desktop\数学类\无符号大整数计算器\无符号大整数计算器\Debug\rc.write.1.tlog
C:\USERS\ADMINISTRATOR\DESKTOP\数学类\无符号大整数计算器\无符号大整数计算器\DEBUG\SIZEYUNSUAN.OBJ
C:\Users\Administrator\Desktop\数学类\无符号大整数计算器\无符号大整数计算器\Debug\vc100.idb
C:\USERS\ADMINISTRATOR\DESKTOP\数学类\无符号大整数计算器\无符号大整数计算器\DEBUG\VC100.PDB
C:\USERS\ADMINISTRATOR\DESKTOP\数学类\无符号大整数计算器\无符号大整数计算器\DEBUG\无符号大整数计算器.EXE.EMBED.MANIFEST
C:\USERS\ADMINISTRATOR\DESKTOP\数学类\无符号大整数计算器\无符号大整数计算器\DEBUG\无符号大整数计算器.EXE.EMBED.MANIFEST.RES
C:\USERS\ADMINISTRATOR\DESKTOP\数学类\无符号大整数计算器\无符号大整数计算器\DEBUG\无符号大整数计算器.EXE.INTERMEDIATE.MANIFEST
C:\Users\Administrator\Desktop\数学类\无符号大整数计算器\无符号大整数计算器\Debug\无符号大整数计算器_manifest.rc
