D:\王占京\数学类\三角形类别判断\DEBUG\三角形类别判断.EXE
D:\王占京\数学类\三角形类别判断\DEBUG\三角形类别判断.ILK
D:\王占京\数学类\三角形类别判断\DEBUG\三角形类别判断.PDB
D:\王占京\数学类\三角形类别判断\三角形类别判断\Debug\cl.command.1.tlog
D:\王占京\数学类\三角形类别判断\三角形类别判断\Debug\CL.read.1.tlog
D:\王占京\数学类\三角形类别判断\三角形类别判断\Debug\CL.write.1.tlog
D:\王占京\数学类\三角形类别判断\三角形类别判断\Debug\link.1404.read.1.tlog
D:\王占京\数学类\三角形类别判断\三角形类别判断\Debug\link.1404.write.1.tlog
D:\王占京\数学类\三角形类别判断\三角形类别判断\Debug\link.1404-cvtres.read.1.tlog
D:\王占京\数学类\三角形类别判断\三角形类别判断\Debug\link.1404-cvtres.write.1.tlog
D:\王占京\数学类\三角形类别判断\三角形类别判断\Debug\link.command.1.tlog
D:\王占京\数学类\三角形类别判断\三角形类别判断\Debug\link.read.1.tlog
D:\王占京\数学类\三角形类别判断\三角形类别判断\Debug\link.write.1.tlog
D:\王占京\数学类\三角形类别判断\三角形类别判断\Debug\link-cvtres.read.1.tlog
D:\王占京\数学类\三角形类别判断\三角形类别判断\Debug\link-cvtres.write.1.tlog
D:\王占京\数学类\三角形类别判断\三角形类别判断\DEBUG\MAIN.OBJ
D:\王占京\数学类\三角形类别判断\三角形类别判断\Debug\mt.command.1.tlog
D:\王占京\数学类\三角形类别判断\三角形类别判断\Debug\mt.read.1.tlog
D:\王占京\数学类\三角形类别判断\三角形类别判断\Debug\mt.write.1.tlog
D:\王占京\数学类\三角形类别判断\三角形类别判断\DEBUG\POINT.OBJ
D:\王占京\数学类\三角形类别判断\三角形类别判断\Debug\rc.command.1.tlog
D:\王占京\数学类\三角形类别判断\三角形类别判断\Debug\rc.read.1.tlog
D:\王占京\数学类\三角形类别判断\三角形类别判断\Debug\rc.write.1.tlog
D:\王占京\数学类\三角形类别判断\三角形类别判断\DEBUG\TRIANGLE.OBJ
D:\王占京\数学类\三角形类别判断\三角形类别判断\Debug\vc100.idb
D:\王占京\数学类\三角形类别判断\三角形类别判断\DEBUG\VC100.PDB
D:\王占京\数学类\三角形类别判断\三角形类别判断\DEBUG\三角形类别判断.EXE.EMBED.MANIFEST
D:\王占京\数学类\三角形类别判断\三角形类别判断\DEBUG\三角形类别判断.EXE.EMBED.MANIFEST.RES
D:\王占京\数学类\三角形类别判断\三角形类别判断\DEBUG\三角形类别判断.EXE.INTERMEDIATE.MANIFEST
D:\王占京\数学类\三角形类别判断\三角形类别判断\Debug\三角形类别判断_manifest.rc
