C:\USERS\ADMINISTRATOR\DESKTOP\矩阵类\DEBUG\矩阵类.EXE
C:\USERS\ADMINISTRATOR\DESKTOP\矩阵类\DEBUG\矩阵类.ILK
C:\USERS\ADMINISTRATOR\DESKTOP\矩阵类\DEBUG\矩阵类.PDB
C:\Users\Administrator\Desktop\矩阵类\矩阵类\Debug\cl.command.1.tlog
C:\Users\Administrator\Desktop\矩阵类\矩阵类\Debug\CL.read.1.tlog
C:\Users\Administrator\Desktop\矩阵类\矩阵类\Debug\CL.write.1.tlog
C:\USERS\ADMINISTRATOR\DESKTOP\矩阵类\矩阵类\DEBUG\JUZHEN.OBJ
C:\Users\Administrator\Desktop\矩阵类\矩阵类\Debug\link.8172.read.1.tlog
C:\Users\Administrator\Desktop\矩阵类\矩阵类\Debug\link.8172.write.1.tlog
C:\Users\Administrator\Desktop\矩阵类\矩阵类\Debug\link.8172-cvtres.read.1.tlog
C:\Users\Administrator\Desktop\矩阵类\矩阵类\Debug\link.8172-cvtres.write.1.tlog
C:\Users\Administrator\Desktop\矩阵类\矩阵类\Debug\link.command.1.tlog
C:\Users\Administrator\Desktop\矩阵类\矩阵类\Debug\link.read.1.tlog
C:\Users\Administrator\Desktop\矩阵类\矩阵类\Debug\link.write.1.tlog
C:\Users\Administrator\Desktop\矩阵类\矩阵类\Debug\link-cvtres.read.1.tlog
C:\Users\Administrator\Desktop\矩阵类\矩阵类\Debug\link-cvtres.write.1.tlog
C:\USERS\ADMINISTRATOR\DESKTOP\矩阵类\矩阵类\DEBUG\MAIN.OBJ
C:\Users\Administrator\Desktop\矩阵类\矩阵类\Debug\mt.command.1.tlog
C:\Users\Administrator\Desktop\矩阵类\矩阵类\Debug\mt.read.1.tlog
C:\Users\Administrator\Desktop\矩阵类\矩阵类\Debug\mt.write.1.tlog
C:\Users\Administrator\Desktop\矩阵类\矩阵类\Debug\rc.command.1.tlog
C:\Users\Administrator\Desktop\矩阵类\矩阵类\Debug\rc.read.1.tlog
C:\Users\Administrator\Desktop\矩阵类\矩阵类\Debug\rc.write.1.tlog
C:\Users\Administrator\Desktop\矩阵类\矩阵类\Debug\vc100.idb
C:\USERS\ADMINISTRATOR\DESKTOP\矩阵类\矩阵类\DEBUG\VC100.PDB
C:\USERS\ADMINISTRATOR\DESKTOP\矩阵类\矩阵类\DEBUG\矩阵类.EXE.EMBED.MANIFEST
C:\USERS\ADMINISTRATOR\DESKTOP\矩阵类\矩阵类\DEBUG\矩阵类.EXE.EMBED.MANIFEST.RES
C:\USERS\ADMINISTRATOR\DESKTOP\矩阵类\矩阵类\DEBUG\矩阵类.EXE.INTERMEDIATE.MANIFEST
C:\Users\Administrator\Desktop\矩阵类\矩阵类\Debug\矩阵类_manifest.rc
