C:\USERS\ADMINISTRATOR\DESKTOP\高斯消元法解线性方程组\DEBUG\高斯消元法解线性方程组.EXE
C:\USERS\ADMINISTRATOR\DESKTOP\高斯消元法解线性方程组\DEBUG\高斯消元法解线性方程组.ILK
C:\USERS\ADMINISTRATOR\DESKTOP\高斯消元法解线性方程组\DEBUG\高斯消元法解线性方程组.PDB
C:\Users\Administrator\Desktop\高斯消元法解线性方程组\高斯消元法解线性方程组\Debug\cl.command.1.tlog
C:\Users\Administrator\Desktop\高斯消元法解线性方程组\高斯消元法解线性方程组\Debug\CL.read.1.tlog
C:\Users\Administrator\Desktop\高斯消元法解线性方程组\高斯消元法解线性方程组\Debug\CL.write.1.tlog
C:\USERS\ADMINISTRATOR\DESKTOP\高斯消元法解线性方程组\高斯消元法解线性方程组\DEBUG\GAUSS.OBJ
C:\Users\Administrator\Desktop\高斯消元法解线性方程组\高斯消元法解线性方程组\Debug\link.3636.read.1.tlog
C:\Users\Administrator\Desktop\高斯消元法解线性方程组\高斯消元法解线性方程组\Debug\link.3636.write.1.tlog
C:\Users\Administrator\Desktop\高斯消元法解线性方程组\高斯消元法解线性方程组\Debug\link.3636-cvtres.read.1.tlog
C:\Users\Administrator\Desktop\高斯消元法解线性方程组\高斯消元法解线性方程组\Debug\link.3636-cvtres.write.1.tlog
C:\Users\Administrator\Desktop\高斯消元法解线性方程组\高斯消元法解线性方程组\Debug\link.command.1.tlog
C:\Users\Administrator\Desktop\高斯消元法解线性方程组\高斯消元法解线性方程组\Debug\link.read.1.tlog
C:\Users\Administrator\Desktop\高斯消元法解线性方程组\高斯消元法解线性方程组\Debug\link.write.1.tlog
C:\Users\Administrator\Desktop\高斯消元法解线性方程组\高斯消元法解线性方程组\Debug\link-cvtres.read.1.tlog
C:\Users\Administrator\Desktop\高斯消元法解线性方程组\高斯消元法解线性方程组\Debug\link-cvtres.write.1.tlog
C:\USERS\ADMINISTRATOR\DESKTOP\高斯消元法解线性方程组\高斯消元法解线性方程组\DEBUG\MAIN.OBJ
C:\Users\Administrator\Desktop\高斯消元法解线性方程组\高斯消元法解线性方程组\Debug\mt.command.1.tlog
C:\Users\Administrator\Desktop\高斯消元法解线性方程组\高斯消元法解线性方程组\Debug\mt.read.1.tlog
C:\Users\Administrator\Desktop\高斯消元法解线性方程组\高斯消元法解线性方程组\Debug\mt.write.1.tlog
C:\Users\Administrator\Desktop\高斯消元法解线性方程组\高斯消元法解线性方程组\Debug\rc.command.1.tlog
C:\Users\Administrator\Desktop\高斯消元法解线性方程组\高斯消元法解线性方程组\Debug\rc.read.1.tlog
C:\Users\Administrator\Desktop\高斯消元法解线性方程组\高斯消元法解线性方程组\Debug\rc.write.1.tlog
C:\Users\Administrator\Desktop\高斯消元法解线性方程组\高斯消元法解线性方程组\Debug\vc100.idb
C:\USERS\ADMINISTRATOR\DESKTOP\高斯消元法解线性方程组\高斯消元法解线性方程组\DEBUG\VC100.PDB
C:\USERS\ADMINISTRATOR\DESKTOP\高斯消元法解线性方程组\高斯消元法解线性方程组\DEBUG\高斯消元法解线性方程组.EXE.EMBED.MANIFEST
C:\USERS\ADMINISTRATOR\DESKTOP\高斯消元法解线性方程组\高斯消元法解线性方程组\DEBUG\高斯消元法解线性方程组.EXE.EMBED.MANIFEST.RES
C:\USERS\ADMINISTRATOR\DESKTOP\高斯消元法解线性方程组\高斯消元法解线性方程组\DEBUG\高斯消元法解线性方程组.EXE.INTERMEDIATE.MANIFEST
C:\Users\Administrator\Desktop\高斯消元法解线性方程组\高斯消元法解线性方程组\Debug\高斯消元法解线性方程组_manifest.rc
