C:\USERS\ADMINISTRATOR\DESKTOP\简单通讯录程序\DEBUG\简单通讯录程序.EXE
C:\USERS\ADMINISTRATOR\DESKTOP\简单通讯录程序\DEBUG\简单通讯录程序.ILK
C:\USERS\ADMINISTRATOR\DESKTOP\简单通讯录程序\DEBUG\简单通讯录程序.PDB
C:\Users\Administrator\Desktop\简单通讯录程序\简单通讯录程序\Debug\cl.command.1.tlog
C:\Users\Administrator\Desktop\简单通讯录程序\简单通讯录程序\Debug\CL.read.1.tlog
C:\Users\Administrator\Desktop\简单通讯录程序\简单通讯录程序\Debug\CL.write.1.tlog
C:\Users\Administrator\Desktop\简单通讯录程序\简单通讯录程序\Debug\link.4680.read.1.tlog
C:\Users\Administrator\Desktop\简单通讯录程序\简单通讯录程序\Debug\link.4680.write.1.tlog
C:\Users\Administrator\Desktop\简单通讯录程序\简单通讯录程序\Debug\link.4680-cvtres.read.1.tlog
C:\Users\Administrator\Desktop\简单通讯录程序\简单通讯录程序\Debug\link.4680-cvtres.write.1.tlog
C:\Users\Administrator\Desktop\简单通讯录程序\简单通讯录程序\Debug\link.command.1.tlog
C:\Users\Administrator\Desktop\简单通讯录程序\简单通讯录程序\Debug\link.read.1.tlog
C:\Users\Administrator\Desktop\简单通讯录程序\简单通讯录程序\Debug\link.write.1.tlog
C:\Users\Administrator\Desktop\简单通讯录程序\简单通讯录程序\Debug\link-cvtres.read.1.tlog
C:\Users\Administrator\Desktop\简单通讯录程序\简单通讯录程序\Debug\link-cvtres.write.1.tlog
C:\USERS\ADMINISTRATOR\DESKTOP\简单通讯录程序\简单通讯录程序\DEBUG\MAIN.OBJ
C:\Users\Administrator\Desktop\简单通讯录程序\简单通讯录程序\Debug\mt.command.1.tlog
C:\Users\Administrator\Desktop\简单通讯录程序\简单通讯录程序\Debug\mt.read.1.tlog
C:\Users\Administrator\Desktop\简单通讯录程序\简单通讯录程序\Debug\mt.write.1.tlog
C:\USERS\ADMINISTRATOR\DESKTOP\简单通讯录程序\简单通讯录程序\DEBUG\PEOPLE.OBJ
C:\Users\Administrator\Desktop\简单通讯录程序\简单通讯录程序\Debug\rc.command.1.tlog
C:\Users\Administrator\Desktop\简单通讯录程序\简单通讯录程序\Debug\rc.read.1.tlog
C:\Users\Administrator\Desktop\简单通讯录程序\简单通讯录程序\Debug\rc.write.1.tlog
C:\USERS\ADMINISTRATOR\DESKTOP\简单通讯录程序\简单通讯录程序\DEBUG\TONGXUN.OBJ
C:\Users\Administrator\Desktop\简单通讯录程序\简单通讯录程序\Debug\vc100.idb
C:\USERS\ADMINISTRATOR\DESKTOP\简单通讯录程序\简单通讯录程序\DEBUG\VC100.PDB
C:\USERS\ADMINISTRATOR\DESKTOP\简单通讯录程序\简单通讯录程序\DEBUG\简单通讯录程序.EXE.EMBED.MANIFEST
C:\USERS\ADMINISTRATOR\DESKTOP\简单通讯录程序\简单通讯录程序\DEBUG\简单通讯录程序.EXE.EMBED.MANIFEST.RES
C:\USERS\ADMINISTRATOR\DESKTOP\简单通讯录程序\简单通讯录程序\DEBUG\简单通讯录程序.EXE.INTERMEDIATE.MANIFEST
C:\Users\Administrator\Desktop\简单通讯录程序\简单通讯录程序\Debug\简单通讯录程序_manifest.rc
